Arguments: 
  C:\Program Files\nodejs\node.exe C:\Program Files (x86)\Yarn\bin\yarn.js install

PATH: 
  C:\ProgramData\DockerDesktop\version-bin;C:\Program Files\Docker\Docker\Resources\bin;C:\Program Files (x86)\Razer Chroma SDK\bin;C:\Program Files\Razer Chroma SDK\bin;C:\ProgramData\Oracle\Java\javapath;C:\Windows\system32;C:\Windows;C:\Windows\System32\Wbem;C:\Windows\System32\WindowsPowerShell\v1.0\;C:\Users\Dylan\.dnx\bin;C:\Program Files\Microsoft DNX\Dnvm\;C:\Program Files\Microsoft SQL Server\120\Tools\Binn\;C:\Program Files (x86)\GtkSharp\2.12\bin;C:\Program Files (x86)\QuickTime Alternative\QTSystem;C:\Program Files\Microsoft SQL Server\130\Tools\Binn\;C:\Program Files\dotnet\;C:\Users\Dylan\AppData\Local\Microsoft\WindowsApps;C:\Program Files\Git\cmd;C:\WINDOWS\system32;C:\WINDOWS;C:\WINDOWS\System32\Wbem;C:\WINDOWS\System32\WindowsPowerShell\v1.0\;C:\WINDOWS\System32\OpenSSH\;C:\Program Files (x86)\NVIDIA Corporation\PhysX\Common;C:\Program Files (x86)\Microsoft Visual Studio\2017\BuildTools\VC\Tools\MSVC\14.16.27023\bin\Hostx64\x64;C:\WINDOWS\system32;C:\WINDOWS;C:\WINDOWS\System32\Wbem;C:\WINDOWS\System32\WindowsPowerShell\v1.0\;C:\WINDOWS\System32\OpenSSH\;C:\Program Files (x86)\Intel\Intel(R) Management Engine Components\DAL;C:\Program Files\Intel\Intel(R) Management Engine Components\DAL;C:\Program Files\CMake\bin;C:\Program Files (x86)\Yarn\bin\;C:\xampp-2020\php;C:\composer;C:\Program Files\nodejs\;C:\ProgramData\chocolatey\bin;C:\Program Files\AdoptOpenJDK\jdk8u192-b12\bin;C:\Users\Dylan\AppData\Local\Programs\Python\Python38\Scripts\;C:\Users\Dylan\AppData\Local\Programs\Python\Python38\;C:\Users\Dylan\.windows-build-tools\python27\;C:\Users\Dylan\AppData\Local\Microsoft\WindowsApps;C:\Users\Dylan\AppData\Local\Microsoft\WindowsApps;C:\Users\Dylan\AppData\Local\Yarn\bin;C:\Users\Dylan\AppData\Local\Programs\Microsoft VS Code\bin;C:\Users\Dylan\Desktop\flutter\bin\;C:\Users\Dylan\AppData\Local\Android\android-sdk\build-tools\gradle-6.3\bin;C:\Users\Dylan\AppData\Roaming\Composer\vendor\bin;C:\Users\Dylan\AppData\Roaming\npm;C:\Users\Dylan\AppData\Local\Android\Sdk\platform-tools;

Yarn version: 
  1.22.4

Node version: 
  12.16.3

Platform: 
  win32 x64

Trace: 
  SyntaxError: C:\Users\Dylan\Desktop\Projects\AtomHash\everflow\package.json: Unexpected string in JSON at position 636
      at JSON.parse (<anonymous>)
      at C:\Program Files (x86)\Yarn\lib\cli.js:1625:59
      at Generator.next (<anonymous>)
      at step (C:\Program Files (x86)\Yarn\lib\cli.js:310:30)
      at C:\Program Files (x86)\Yarn\lib\cli.js:321:13

npm manifest: 
  {
    "name": "everflow",
    "version": "3.0.1",
    "description": "A client-side framework using VueJS.",
    "main": "./dist/everflow.js",
    "typings": "./dist/types/everflow.d.ts",
    "author": "AtomHash",
    "dependencies": {
      "@types/crypto-js": "^3.1.43",
      "@types/lodash": "^4.14.122",
      "@types/node": "13.13.4",
      "glob": "^7.1.6",
      "file-loader": "^5.1.0",
      "ts-loader": "^6.2.1",
      "deep-extend": "^0.6.0",
      "typescript": "^3.8.3",
      "uglifyjs-webpack-plugin": "^2.2.0",
      "vue-template-compiler": "^2.6.11",
      "webpack": "^4.43.0",
      "webpack-cli": "^3.3.11",
      "vue-template-compiler": "^2.6.11"
      "axios": "^0.19.2",
      "crypto-js": "^4.0.0",
      "localforage": "^1.7.3",
      "lodash": "^4.17.15",
      "moment": "^2.24.0",
      "vue": "^2.6.11",
      "vue-class-component": "^7.2.3",
      "vue-property-decorator": "^8.4.0",
      "vue-router": "^3.1.6"
    },
    "repository": {
      "type": "git",
      "url": "git+https://github.com/atomhash/everflow.git"
    },
    "keywords": [
      "everflow",
      "js",
      "framework",
      "view",
      "typescript"
    ],
    "license": "MIT",
    "bugs": {
      "url": "https://github.com/atomhash/everflow/issues"
    },
    "homepage": "https://github.com/atomhash/everflow#readme",
    "devDependencies": {
      "webpack-cli": "^3.3.11"
    }
  }

yarn manifest: 
  No manifest

Lockfile: 
  No lockfile
